Determining if the pthread_create exist failed with the following output:
Change Dir: /home/ubuntu/PEV/pev_ws/build/CMakeFiles/CMakeTmp

Run Build Command:/usr/bin/make "cmTryCompileExec3137174975/fast"
/usr/bin/make -f CMakeFiles/cmTryCompileExec3137174975.dir/build.make CMakeFiles/cmTryCompileExec3137174975.dir/build
make[1]: Entering directory `/home/ubuntu/PEV/pev_ws/build/CMakeFiles/CMakeTmp'
/usr/bin/cmake -E cmake_progress_report /home/ubuntu/PEV/pev_ws/build/CMakeFiles/CMakeTmp/CMakeFiles 1
Building C object CMakeFiles/cmTryCompileExec3137174975.dir/CheckSymbolExists.c.o
/usr/bin/cc    -o CMakeFiles/cmTryCompileExec3137174975.dir/CheckSymbolExists.c.o   -c /home/ubuntu/PEV/pev_ws/build/CMakeFiles/CMakeTmp/CheckSymbolExists.c
Linking C executable cmTryCompileExec3137174975
/usr/bin/cmake -E cmake_link_script CMakeFiles/cmTryCompileExec3137174975.dir/link.txt --verbose=1
/usr/bin/cc       CMakeFiles/cmTryCompileExec3137174975.dir/CheckSymbolExists.c.o  -o cmTryCompileExec3137174975 -rdynamic 
CMakeFiles/cmTryCompileExec3137174975.dir/CheckSymbolExists.c.o: In function `main':
CheckSymbolExists.c:(.text+0xe): undefined reference to `pthread_create'
CheckSymbolExists.c:(.text+0x12): undefined reference to `pthread_create'
collect2: error: ld returned 1 exit status
make[1]: *** [cmTryCompileExec3137174975] Error 1
make[1]: Leaving directory `/home/ubuntu/PEV/pev_ws/build/CMakeFiles/CMakeTmp'
make: *** [cmTryCompileExec3137174975/fast] Error 2

File /home/ubuntu/PEV/pev_ws/build/CMakeFiles/CMakeTmp/CheckSymbolExists.c:
/* */
#include <pthread.h>

int main(int argc, char** argv)
{
  (void)argv;
#ifndef pthread_create
  return ((int*)(&pthread_create))[argc];
#else
  (void)argc;
  return 0;
#endif
}

Determining if the function pthread_create exists in the pthreads failed with the following output:
Change Dir: /home/ubuntu/PEV/pev_ws/build/CMakeFiles/CMakeTmp

Run Build Command:/usr/bin/make "cmTryCompileExec1669768272/fast"
/usr/bin/make -f CMakeFiles/cmTryCompileExec1669768272.dir/build.make CMakeFiles/cmTryCompileExec1669768272.dir/build
make[1]: Entering directory `/home/ubuntu/PEV/pev_ws/build/CMakeFiles/CMakeTmp'
/usr/bin/cmake -E cmake_progress_report /home/ubuntu/PEV/pev_ws/build/CMakeFiles/CMakeTmp/CMakeFiles 1
Building C object CMakeFiles/cmTryCompileExec1669768272.dir/CheckFunctionExists.c.o
/usr/bin/cc   -DCHECK_FUNCTION_EXISTS=pthread_create   -o CMakeFiles/cmTryCompileExec1669768272.dir/CheckFunctionExists.c.o   -c /usr/share/cmake-2.8/Modules/CheckFunctionExists.c
Linking C executable cmTryCompileExec1669768272
/usr/bin/cmake -E cmake_link_script CMakeFiles/cmTryCompileExec1669768272.dir/link.txt --verbose=1
/usr/bin/cc   -DCHECK_FUNCTION_EXISTS=pthread_create    CMakeFiles/cmTryCompileExec1669768272.dir/CheckFunctionExists.c.o  -o cmTryCompileExec1669768272 -rdynamic -lpthreads 
/usr/bin/ld: cannot find -lpthreads
collect2: error: ld returned 1 exit status
make[1]: Leaving directory `/home/ubuntu/PEV/pev_ws/build/CMakeFiles/CMakeTmp'
make[1]: *** [cmTryCompileExec1669768272] Error 1
make: *** [cmTryCompileExec1669768272/fast] Error 2


Determining if the pthread_create exist failed with the following output:
Change Dir: /home/ubuntu/PEV/pev_ws/build/CMakeFiles/CMakeTmp

Run Build Command:/usr/bin/make "cmTryCompileExec3079941861/fast"
make[1]: Entering directory `/home/ubuntu/PEV/pev_ws/build/CMakeFiles/CMakeTmp'
/usr/bin/make -f CMakeFiles/cmTryCompileExec3079941861.dir/build.make CMakeFiles/cmTryCompileExec3079941861.dir/build
make[2]: Entering directory `/home/ubuntu/PEV/pev_ws/build/CMakeFiles/CMakeTmp'
/usr/bin/cmake -E cmake_progress_report /home/ubuntu/PEV/pev_ws/build/CMakeFiles/CMakeTmp/CMakeFiles 1
Building C object CMakeFiles/cmTryCompileExec3079941861.dir/CheckSymbolExists.c.o
/usr/bin/cc    -o CMakeFiles/cmTryCompileExec3079941861.dir/CheckSymbolExists.c.o   -c /home/ubuntu/PEV/pev_ws/build/CMakeFiles/CMakeTmp/CheckSymbolExists.c
Linking C executable cmTryCompileExec3079941861
/usr/bin/cmake -E cmake_link_script CMakeFiles/cmTryCompileExec3079941861.dir/link.txt --verbose=1
/usr/bin/cc       CMakeFiles/cmTryCompileExec3079941861.dir/CheckSymbolExists.c.o  -o cmTryCompileExec3079941861 -rdynamic 
CMakeFiles/cmTryCompileExec3079941861.dir/CheckSymbolExists.c.o: In function `main':
CheckSymbolExists.c:(.text+0xe): undefined reference to `pthread_create'
CheckSymbolExists.c:(.text+0x12): undefined reference to `pthread_create'
collect2: error: ld returned 1 exit status
make[2]: *** [cmTryCompileExec3079941861] Error 1
make[2]: Leaving directory `/home/ubuntu/PEV/pev_ws/build/CMakeFiles/CMakeTmp'
make[1]: *** [cmTryCompileExec3079941861/fast] Error 2
make[1]: Leaving directory `/home/ubuntu/PEV/pev_ws/build/CMakeFiles/CMakeTmp'

File /home/ubuntu/PEV/pev_ws/build/CMakeFiles/CMakeTmp/CheckSymbolExists.c:
/* */
#include <pthread.h>

int main(int argc, char** argv)
{
  (void)argv;
#ifndef pthread_create
  return ((int*)(&pthread_create))[argc];
#else
  (void)argc;
  return 0;
#endif
}

Determining if the function pthread_create exists in the pthreads failed with the following output:
Change Dir: /home/ubuntu/PEV/pev_ws/build/CMakeFiles/CMakeTmp

Run Build Command:/usr/bin/make "cmTryCompileExec2475901876/fast"
make[1]: Entering directory `/home/ubuntu/PEV/pev_ws/build/CMakeFiles/CMakeTmp'
/usr/bin/make -f CMakeFiles/cmTryCompileExec2475901876.dir/build.make CMakeFiles/cmTryCompileExec2475901876.dir/build
make[2]: Entering directory `/home/ubuntu/PEV/pev_ws/build/CMakeFiles/CMakeTmp'
/usr/bin/cmake -E cmake_progress_report /home/ubuntu/PEV/pev_ws/build/CMakeFiles/CMakeTmp/CMakeFiles 1
Building C object CMakeFiles/cmTryCompileExec2475901876.dir/CheckFunctionExists.c.o
/usr/bin/cc   -DCHECK_FUNCTION_EXISTS=pthread_create   -o CMakeFiles/cmTryCompileExec2475901876.dir/CheckFunctionExists.c.o   -c /usr/share/cmake-2.8/Modules/CheckFunctionExists.c
Linking C executable cmTryCompileExec2475901876
/usr/bin/cmake -E cmake_link_script CMakeFiles/cmTryCompileExec2475901876.dir/link.txt --verbose=1
/usr/bin/cc   -DCHECK_FUNCTION_EXISTS=pthread_create    CMakeFiles/cmTryCompileExec2475901876.dir/CheckFunctionExists.c.o  -o cmTryCompileExec2475901876 -rdynamic -lpthreads 
/usr/bin/ld: cannot find -lpthreads
collect2: error: ld returned 1 exit status
make[2]: *** [cmTryCompileExec2475901876] Error 1
make[2]: Leaving directory `/home/ubuntu/PEV/pev_ws/build/CMakeFiles/CMakeTmp'
make[1]: *** [cmTryCompileExec2475901876/fast] Error 2
make[1]: Leaving directory `/home/ubuntu/PEV/pev_ws/build/CMakeFiles/CMakeTmp'


